INFO:root:2018-12-03 03:48:18 - Rec:Sending to Root Server...
INFO:root:2018-12-03 03:48:19 - Rec:Sending to Root Server...
INFO:root:2018-12-03 03:48:19 - Rec:Sending to Root Server...
INFO:root:2018-12-03 03:48:20 - Rec:Sending to Root Server...
INFO:root:2018-12-03 03:48:20 - Rec:Sending to Root Server...
INFO:root:2018-12-03 03:53:01 - Rec:Sending to Root Server...
INFO:root:2018-12-03 03:53:01 - Rec:Receive from Root Server...b'd;\x84\x00\x00\x01\x00\x02\x00\x00\x00\x00\x06amazon\x03com\x00\x00\x01\x00\x01\xc0\x0c\x00\x01\x00\x01\x00\x00\x01\x90\x00\x04#\xf3\xeeW\xc0\x0c\x00\x01\x00\x01\x00\x00\x01\x90\x00\x04H\x15\xd3\xb0'
INFO:root:2018-12-03 03:53:04 - Rec:Sending to Root Server...
INFO:root:2018-12-03 03:53:04 - Rec:Receive from Root Server...b'\x81\xff\x84\x00\x00\x01\x00\x02\x00\x00\x00\x00\x08facebook\x03com\x00\x00\x01\x00\x01\xc0\x0c\x00\x01\x00\x01\x00\x00\x01\x90\x00\x04#\xf3\xeeW\xc0\x0c\x00\x01\x00\x01\x00\x00\x01\x90\x00\x04\x1f\rM$'
INFO:root:2018-12-03 03:53:04 - Rec:Sending to Root Server...
INFO:root:2018-12-03 03:53:04 - Rec:Receive from Root Server...b'\x82Y\x84\x00\x00\x01\x00\x02\x00\x00\x00\x00\x05own3d\x03com\x00\x00\x01\x00\x01\xc0\x0c\x00\x01\x00\x01\x00\x00\x01\x90\x00\x04#\xf3\xeeW\xc0\x0c\x00\x01\x00\x01\x00\x00\x01\x90\x00\x04\xd0^\x92P'
INFO:root:2018-12-03 03:53:06 - Rec:Sending to Root Server...
INFO:root:2018-12-03 03:53:06 - Rec:Receive from Root Server...b'\xa0\r\x84\x00\x00\x01\x00\x02\x00\x00\x00\x00\x05warez\x03com\x00\x00\x01\x00\x01\xc0\x0c\x00\x01\x00\x01\x00\x00\x01\x90\x00\x04#\xf3\xeeW\xc0\x0c\x00\x01\x00\x01\x00\x00\x01\x90\x00\x04\xb2\xa2\xee\x88'
INFO:root:2018-12-03 03:53:07 - Rec:Sending to Root Server...
INFO:root:2018-12-03 03:53:07 - Rec:Receive from Root Server...b'\x8c\xf9\x84\x00\x00\x01\x00\x02\x00\x00\x00\x00\tvideoweed\x03com\x00\x00\x01\x00\x01\xc0\x0c\x00\x01\x00\x01\x00\x00\x01\x90\x00\x04#\xf3\xeeW\xc0\x0c\x00\x01\x00\x01\x00\x00\x01\x90\x00\x04[\xdc\xb0\xf8'
INFO:root:2018-12-03 03:54:36 - Rec:Sending to Root Server...
INFO:root:2018-12-03 03:54:36 - Rec:Receive from Root Server...b'_(\x84\x00\x00\x01\x00\x02\x00\x00\x00\x00\x07tvlinks\x03com\x00\x00\x01\x00\x01\xc0\x0c\x00\x01\x00\x01\x00\x00\x01\x90\x00\x04#\xf3\xeeW\xc0\x0c\x00\x01\x00\x01\x00\x00\x01\x90\x00\x04\xd0\xdf\xdb\xce'
INFO:root:2018-12-03 03:54:36 - Rec:Sending to Root Server...
INFO:root:2018-12-03 03:54:36 - Rec:Receive from Root Server...b'yP\x84\x00\x00\x01\x00\x02\x00\x00\x00\x00\x06reddit\x03com\x00\x00\x01\x00\x01\xc0\x0c\x00\x01\x00\x01\x00\x00\x01\x90\x00\x04#\xf3\xeeW\xc0\x0c\x00\x01\x00\x01\x00\x00\x01\x90\x00\x04H\xf7\xf4X'
INFO:root:2018-12-03 03:54:36 - Rec:Sending to Root Server...
INFO:root:2018-12-03 03:54:36 - Rec:Receive from Root Server...b'\xa7\xb8\x84\x00\x00\x01\x00\x02\x00\x00\x00\x00\x07twitter\x03com\x00\x00\x01\x00\x01\xc0\x0c\x00\x01\x00\x01\x00\x00\x01\x90\x00\x04#\xf3\xeeW\xc0\x0c\x00\x01\x00\x01\x00\x00\x01\x90\x00\x04\xc7;\x95\xe6'
INFO:root:2018-12-03 03:54:37 - Rec:Sending to Root Server...
INFO:root:2018-12-03 03:54:37 - Rec:Receive from Root Server...b'\xc1)\x84\x00\x00\x01\x00\x02\x00\x00\x00\x00\x04digg\x03com\x00\x00\x01\x00\x01\xc0\x0c\x00\x01\x00\x01\x00\x00\x01\x90\x00\x04#\xf3\xeeW\xc0\x0c\x00\x01\x00\x01\x00\x00\x01\x90\x00\x04@\xbf\xcb\x1e'
INFO:root:2018-12-03 03:54:37 - Rec:Sending to Root Server...
INFO:root:2018-12-03 03:54:37 - Rec:Receive from Root Server...b'\xaeB\x84\x00\x00\x01\x00\x02\x00\x00\x00\x00\x04bing\x03com\x00\x00\x01\x00\x01\xc0\x0c\x00\x01\x00\x01\x00\x00\x01\x90\x00\x04#\xf3\xeeW\xc0\x0c\x00\x01\x00\x01\x00\x00\x01\x90\x00\x04A7\xaf\xfe'
INFO:root:2018-12-03 03:54:39 - Rec:Sending to Root Server...
INFO:root:2018-12-03 03:54:39 - Rec:Receive from Root Server...b'eI\x84\x00\x00\x01\x00\x02\x00\x00\x00\x00\x03bbc\x02co\x03com\x00\x00\x01\x00\x01\xc0\x0c\x00\x01\x00\x01\x00\x00\x01\x90\x00\x04#\xf3\xeeW\xc0\x0c\x00\x01\x00\x01\x00\x00\x01\x90\x00\x04\xd4:\xf1\x83'
INFO:root:2018-12-03 03:54:42 - Rec:Sending to Root Server...
INFO:root:2018-12-03 03:54:42 - Rec:Receive from Root Server...b'\xe8g\x84\x00\x00\x01\x00\x02\x00\x00\x00\x00\x03ign\x03com\x00\x00\x01\x00\x01\xc0\x0c\x00\x01\x00\x01\x00\x00\x01\x90\x00\x04#\xf3\xeeW\xc0\x0c\x00\x01\x00\x01\x00\x00\x01\x90\x00\x04E\n\x19.'
INFO:root:2018-12-03 03:54:43 - Rec:Sending to Root Server...
INFO:root:2018-12-03 03:54:43 - Rec:Receive from Root Server...b'\xde \x84\x00\x00\x01\x00\x02\x00\x00\x00\x00\x07tvlinks\x03com\x00\x00\x01\x00\x01\xc0\x0c\x00\x01\x00\x01\x00\x00\x01\x90\x00\x04#\xf3\xeeW\xc0\x0c\x00\x01\x00\x01\x00\x00\x01\x90\x00\x04\xd0\xdf\xdb\xce'
INFO:root:2018-12-03 03:54:43 - Rec:Sending to Root Server...
INFO:root:2018-12-03 03:54:43 - Rec:Receive from Root Server...b',\xfb\x84\x00\x00\x01\x00\x02\x00\x00\x00\x00\x06amazon\x03com\x00\x00\x01\x00\x01\xc0\x0c\x00\x01\x00\x01\x00\x00\x01\x90\x00\x04#\xf3\xeeW\xc0\x0c\x00\x01\x00\x01\x00\x00\x01\x90\x00\x04H\x15\xd3\xb0'
INFO:root:2018-12-03 03:54:44 - Rec:Sending to Root Server...
INFO:root:2018-12-03 03:54:44 - Rec:Receive from Root Server...b'\xff4\x84\x00\x00\x01\x00\x02\x00\x00\x00\x00\ndreamwidth\x03org\x00\x00\x01\x00\x01\xc0\x0c\x00\x01\x00\x01\x00\x00\x01\x90\x00\x04#\xf3\xeeW\xc0\x0c\x00\x01\x00\x01\x00\x00\x01\x90\x00\x04E\xae\xf42'
INFO:root:2018-12-03 03:54:45 - Rec:Sending to Root Server...
INFO:root:2018-12-03 03:54:45 - Rec:Receive from Root Server...b'\xe6\x9e\x84\x00\x00\x01\x00\x03\x00\x00\x00\x00\x07youtube\x03com\x00\x00\x01\x00\x01\xc0\x0c\x00\x01\x00\x01\x00\x00\x01\x90\x00\x04#\xf3\xeeW\xc0\x0c\x00\x01\x00\x01\x00\x00\x01\x90\x00\x04\xd0A\x99\xfd\xc0\x0c\x00\x01\x00\x01\x00\x00\x01\x90\x00\x04\xd0u\xecE'
INFO:root:2018-12-03 03:54:46 - Rec:Sending to Root Server...
INFO:root:2018-12-03 03:54:46 - Rec:Receive from Root Server...b'\xa0\x9e\x84\x00\x00\x01\x00\x02\x00\x00\x00\x00\x07dropbox\x03com\x00\x00\x01\x00\x01\xc0\x0c\x00\x01\x00\x01\x00\x00\x01\x90\x00\x04#\xf3\xeeW\xc0\x0c\x00\x01\x00\x01\x00\x00\x01\x90\x00\x04\xc7/\xd9\xb3'
INFO:root:2018-12-03 03:54:46 - Rec:Sending to Root Server...
INFO:root:2018-12-03 03:54:46 - Rec:Receive from Root Server...b'\xd8\x81\x84\x00\x00\x01\x00\x02\x00\x00\x00\x00\x04digg\x03com\x00\x00\x01\x00\x01\xc0\x0c\x00\x01\x00\x01\x00\x00\x01\x90\x00\x04#\xf3\xeeW\xc0\x0c\x00\x01\x00\x01\x00\x00\x01\x90\x00\x04@\xbf\xcb\x1e'
INFO:root:2018-12-03 03:55:53 - Rec:Sending to Root Server...
INFO:root:2018-12-03 03:55:53 - Rec:Receive from Root Server...b'u\x85\x84\x00\x00\x01\x00\x02\x00\x00\x00\x00\x08theonion\x03com\x00\x00\x01\x00\x01\xc0\x0c\x00\x01\x00\x01\x00\x00\x01\x90\x00\x04#\xf3\xeeW\xc0\x0c\x00\x01\x00\x01\x00\x00\x01\x90\x00\x04ak\x89\xa4'
INFO:root:2018-12-03 03:55:53 - Rec:Sending to Root Server...
INFO:root:2018-12-03 03:55:53 - Rec:Receive from Root Server...b'>O\x84\x00\x00\x01\x00\x02\x00\x00\x00\x00\x06amazon\x03com\x00\x00\x01\x00\x01\xc0\x0c\x00\x01\x00\x01\x00\x00\x01\x90\x00\x04#\xf3\xeeW\xc0\x0c\x00\x01\x00\x01\x00\x00\x01\x90\x00\x04H\x15\xd3\xb0'
INFO:root:2018-12-03 03:55:54 - Rec:Sending to Root Server...
INFO:root:2018-12-03 03:55:54 - Rec:Receive from Root Server...b'\x8bm\x84\x00\x00\x01\x00\x02\x00\x00\x00\x00\x08warez-bb\x03org\x00\x00\x01\x00\x01\xc0\x0c\x00\x01\x00\x01\x00\x00\x01\x90\x00\x04#\xf3\xeeW\xc0\x0c\x00\x01\x00\x01\x00\x00\x01\x90\x00\x04\x1f\x079\r'
INFO:root:2018-12-03 03:55:59 - Rec:Sending to Root Server...
INFO:root:2018-12-03 03:55:59 - Rec:Receive from Root Server...b'~\x92\x84\x00\x00\x01\x00\x02\x00\x00\x00\x00\tvideoweed\x03com\x00\x00\x01\x00\x01\xc0\x0c\x00\x01\x00\x01\x00\x00\x01\x90\x00\x04#\xf3\xeeW\xc0\x0c\x00\x01\x00\x01\x00\x00\x01\x90\x00\x04[\xdc\xb0\xf8'
INFO:root:2018-12-03 03:56:01 - Rec:Sending to Root Server...
INFO:root:2018-12-03 03:56:01 - Rec:Receive from Root Server...b'\x9c\x14\x84\x00\x00\x01\x00\x02\x00\x00\x00\x00\x08sidereel\x03com\x00\x00\x01\x00\x01\xc0\x0c\x00\x01\x00\x01\x00\x00\x01\x90\x00\x04#\xf3\xeeW\xc0\x0c\x00\x01\x00\x01\x00\x00\x01\x90\x00\x04\x90\xc6\x1dp'
INFO:root:2018-12-03 03:56:02 - Rec:Sending to Root Server...
INFO:root:2018-12-03 03:56:02 - Rec:Receive from Root Server...b'\xa2\x85\x84\x00\x00\x01\x00\x02\x00\x00\x00\x00\x081channel\x03com\x00\x00\x01\x00\x01\xc0\x0c\x00\x01\x00\x01\x00\x00\x01\x90\x00\x04#\xf3\xeeW\xc0\x0c\x00\x01\x00\x01\x00\x00\x01\x90\x00\x04\xd0W!\x97'
INFO:root:2018-12-03 03:56:02 - Rec:Sending to Root Server...
INFO:root:2018-12-03 03:56:02 - Rec:Receive from Root Server...b'\xaf\x11\x84\x00\x00\x01\x00\x02\x00\x00\x00\x00\x07novamov\x03com\x00\x00\x01\x00\x01\xc0\x0c\x00\x01\x00\x01\x00\x00\x01\x90\x00\x04#\xf3\xeeW\xc0\x0c\x00\x01\x00\x01\x00\x00\x01\x90\x00\x04[\xdc\xb0\xf8'
INFO:root:2018-12-03 03:56:02 - Rec:Sending to Root Server...
INFO:root:2018-12-03 03:56:02 - Rec:Receive from Root Server...b'\xb9\xef\x84\x00\x00\x01\x00\x02\x00\x00\x00\x00\x07gamespy\x03com\x00\x00\x01\x00\x01\xc0\x0c\x00\x01\x00\x01\x00\x00\x01\x90\x00\x04#\xf3\xeeW\xc0\x0c\x00\x01\x00\x01\x00\x00\x01\x90\x00\x04E\n\x19.'
INFO:root:2018-12-03 03:56:02 - Rec:Sending to Root Server...
INFO:root:2018-12-03 03:56:02 - Rec:Receive from Root Server...b'\xb0\xe7\x84\x00\x00\x01\x00\x02\x00\x00\x00\x00\twikipedia\x03org\x00\x00\x01\x00\x01\xc0\x0c\x00\x01\x00\x01\x00\x00\x01\x90\x00\x04#\xf3\xeeW\xc0\x0c\x00\x01\x00\x01\x00\x00\x01\x90\x00\x04[\xc6\xae\xc0'
INFO:root:2018-12-03 03:56:04 - Rec:Sending to Root Server...
INFO:root:2018-12-03 03:56:04 - Rec:Receive from Root Server...b'[\x7f\x84\x00\x00\x01\x00\x02\x00\x00\x00\x00\x07hotmail\x03com\x00\x00\x01\x00\x01\xc0\x0c\x00\x01\x00\x01\x00\x00\x01\x90\x00\x04#\xf3\xeeW\xc0\x0c\x00\x01\x00\x01\x00\x00\x01\x90\x00\x04A7H\x87'
INFO:root:2018-12-03 03:56:06 - Rec:Sending to Root Server...
INFO:root:2018-12-03 03:56:06 - Rec:Receive from Root Server...b'AX\x84\x00\x00\x01\x00\x02\x00\x00\x00\x00\x06amazon\x03com\x00\x00\x01\x00\x01\xc0\x0c\x00\x01\x00\x01\x00\x00\x01\x90\x00\x04#\xf3\xeeW\xc0\x0c\x00\x01\x00\x01\x00\x00\x01\x90\x00\x04H\x15\xd3\xb0'
INFO:root:2018-12-03 03:56:07 - Rec:Sending to Root Server...
INFO:root:2018-12-03 03:56:07 - Rec:Receive from Root Server...b')g\x84\x00\x00\x01\x00\x02\x00\x00\x00\x00\x06blogtv\x03com\x00\x00\x01\x00\x01\xc0\x0c\x00\x01\x00\x01\x00\x00\x01\x90\x00\x04#\xf3\xeeW\xc0\x0c\x00\x01\x00\x01\x00\x00\x01\x90\x00\x04T\x16\xaa\x95'
INFO:root:2018-12-03 03:59:02 - Rec:Sending to Root Server...
INFO:root:2018-12-03 03:59:02 - Rec:Receive from Root Server...b'v@\x84\x00\x00\x01\x00\x02\x00\x00\x00\x00\x07gamespy\x03com\x00\x00\x01\x00\x01\xc0\x0c\x00\x01\x00\x01\x00\x00\x01\x90\x00\x04#\xf3\xeeW\xc0\x0c\x00\x01\x00\x01\x00\x00\x01\x90\x00\x04E\n\x19.'
INFO:root:2018-12-03 03:59:03 - Rec:Sending to Root Server...
INFO:root:2018-12-03 03:59:03 - Rec:Receive from Root Server...b'\xc2\xd0\x84\x00\x00\x01\x00\x02\x00\x00\x00\x00\x05own3d\x03com\x00\x00\x01\x00\x01\xc0\x0c\x00\x01\x00\x01\x00\x00\x01\x90\x00\x04#\xf3\xeeW\xc0\x0c\x00\x01\x00\x01\x00\x00\x01\x90\x00\x04\xd0^\x92P'
INFO:root:2018-12-03 04:00:09 - Rec:Sending to Root Server...
INFO:root:2018-12-03 04:00:09 - Rec:Receive from Root Server...b'\x9a\xde\x84\x00\x00\x01\x00\x02\x00\x00\x00\x00\x06amazon\x03com\x00\x00\x01\x00\x01\xc0\x0c\x00\x01\x00\x01\x00\x00\x01\x90\x00\x04#\xf3\xeeW\xc0\x0c\x00\x01\x00\x01\x00\x00\x01\x90\x00\x04H\x15\xd3\xb0'
INFO:root:2018-12-03 04:00:10 - Rec:Sending to Root Server...
INFO:root:2018-12-03 04:00:10 - Rec:Receive from Root Server...b'\xbb\x8c\x84\x00\x00\x01\x00\x02\x00\x00\x00\x00\x07gamespy\x03com\x00\x00\x01\x00\x01\xc0\x0c\x00\x01\x00\x01\x00\x00\x01\x90\x00\x04#\xf3\xeeW\xc0\x0c\x00\x01\x00\x01\x00\x00\x01\x90\x00\x04E\n\x19.'
INFO:root:2018-12-03 04:00:10 - Rec:Sending to Root Server...
INFO:root:2018-12-03 04:00:10 - Rec:Receive from Root Server...b's\xa2\x84\x00\x00\x01\x00\x02\x00\x00\x00\x00\ngorillavid\x03com\x00\x00\x01\x00\x01\xc0\x0c\x00\x01\x00\x01\x00\x00\x01\x90\x00\x04#\xf3\xeeW\xc0\x0c\x00\x01\x00\x01\x00\x00\x01\x90\x00\x04\xb2\x11\xa5J'
INFO:root:2018-12-03 04:00:10 - Rec:Sending to Root Server...
INFO:root:2018-12-03 04:00:10 - Rec:Receive from Root Server...b'\x99\x94\x84\x00\x00\x01\x00\x02\x00\x00\x00\x00\x08uploaded\x03com\x00\x00\x01\x00\x01\xc0\x0c\x00\x01\x00\x01\x00\x00\x01\x90\x00\x04#\xf3\xeeW\xc0\x0c\x00\x01\x00\x01\x00\x00\x01\x90\x00\x04_\xd3\x8f\xc8'
INFO:root:2018-12-03 04:00:11 - Rec:Sending to Root Server...
INFO:root:2018-12-03 04:00:11 - Rec:Receive from Root Server...b'\x89v\x84\x00\x00\x01\x00\x02\x00\x00\x00\x00\tmegavideo\x03com\x00\x00\x01\x00\x01\xc0\x0c\x00\x01\x00\x01\x00\x00\x01\x90\x00\x04#\xf3\xeeW\xc0\x0c\x00\x01\x00\x01\x00\x00\x01\x90\x00\x04\xae\x8c\x9a '
INFO:root:2018-12-03 04:00:16 - Rec:Sending to Root Server...
INFO:root:2018-12-03 04:00:16 - Rec:Receive from Root Server...b'\x85\x0b\x84\x00\x00\x01\x00\x02\x00\x00\x00\x00\x08gamespot\x03com\x00\x00\x01\x00\x01\xc0\x0c\x00\x01\x00\x01\x00\x00\x01\x90\x00\x04#\xf3\xeeW\xc0\x0c\x00\x01\x00\x01\x00\x00\x01\x90\x00\x04\xd8\xefq\xac'
INFO:root:2018-12-03 04:00:16 - Rec:Sending to Root Server...
INFO:root:2018-12-03 04:00:16 - Rec:Receive from Root Server...b'\xe6\x1a\x84\x00\x00\x01\x00\x02\x00\x00\x00\x00\nmegaupload\x03com\x00\x00\x01\x00\x01\xc0\x0c\x00\x01\x00\x01\x00\x00\x01\x90\x00\x04#\xf3\xeeW\xc0\x0c\x00\x01\x00\x01\x00\x00\x01\x90\x00\x04\xae\x8c\x9a\x14'
INFO:root:2018-12-03 04:00:19 - Rec:Sending to Root Server...
INFO:root:2018-12-03 04:00:19 - Rec:Receive from Root Server...b'\xa7\xae\x84\x00\x00\x01\x00\x02\x00\x00\x00\x00\x0bmultiupload\x03com\x00\x00\x01\x00\x01\xc0\x0c\x00\x01\x00\x01\x00\x00\x01\x90\x00\x04#\xf3\xeeW\xc0\x0c\x00\x01\x00\x01\x00\x00\x01\x90\x00\x04_\xd3\x95\x07'
INFO:root:2018-12-03 04:00:19 - Rec:Sending to Root Server...
INFO:root:2018-12-03 04:00:19 - Rec:Receive from Root Server...b'\xb6\x91\x84\x00\x00\x01\x00\x02\x00\x00\x00\x00\x05own3d\x03com\x00\x00\x01\x00\x01\xc0\x0c\x00\x01\x00\x01\x00\x00\x01\x90\x00\x04#\xf3\xeeW\xc0\x0c\x00\x01\x00\x01\x00\x00\x01\x90\x00\x04\xd0^\x92P'
INFO:root:2018-12-03 04:00:19 - Rec:Sending to Root Server...
INFO:root:2018-12-03 04:00:19 - Rec:Receive from Root Server...b'H8\x84\x00\x00\x01\x00\x03\x00\x00\x00\x00\x07youtube\x03com\x00\x00\x01\x00\x01\xc0\x0c\x00\x01\x00\x01\x00\x00\x01\x90\x00\x04#\xf3\xeeW\xc0\x0c\x00\x01\x00\x01\x00\x00\x01\x90\x00\x04\xd0A\x99\xfd\xc0\x0c\x00\x01\x00\x01\x00\x00\x01\x90\x00\x04\xd0u\xecE'
INFO:root:2018-12-03 04:00:19 - Rec:Sending to Root Server...
INFO:root:2018-12-03 04:00:19 - Rec:Receive from Root Server...b'O\xf4\x84\x00\x00\x01\x00\x02\x00\x00\x00\x00\x07twitter\x03com\x00\x00\x01\x00\x01\xc0\x0c\x00\x01\x00\x01\x00\x00\x01\x90\x00\x04#\xf3\xeeW\xc0\x0c\x00\x01\x00\x01\x00\x00\x01\x90\x00\x04\xc7;\x95\xe6'
INFO:root:2018-12-03 04:00:21 - Rec:Sending to Root Server...
INFO:root:2018-12-03 04:00:21 - Rec:Receive from Root Server...b'\xd8\xa0\x84\x00\x00\x01\x00\x02\x00\x00\x00\x00\x05yahoo\x03com\x00\x00\x01\x00\x01\xc0\x0c\x00\x01\x00\x01\x00\x00\x01\x90\x00\x04#\xf3\xeeW\xc0\x0c\x00\x01\x00\x01\x00\x00\x01\x90\x00\x04b\x89\x958'
INFO:root:2018-12-03 04:00:21 - Rec:Sending to Root Server...
INFO:root:2018-12-03 04:00:21 - Rec:Receive from Root Server...b'\x98+\x84\x00\x00\x01\x00\x03\x00\x00\x00\x00\x06google\x03com\x00\x00\x01\x00\x01\xc0\x0c\x00\x01\x00\x01\x00\x00\x01\x90\x00\x04#\xf3\xeeW\xc0\x0c\x00\x01\x00\x01\x00\x00\x01\x90\x00\x04\xac\xd9\x0b\xae\xc0\x0c\x00\x01\x00\x01\x00\x00\x01\x90\x00\x04\xc0\xa8\x02\x01'
INFO:root:2018-12-03 04:00:21 - Rec:Sending to Root Server...
INFO:root:2018-12-03 04:00:21 - Rec:Receive from Root Server...b'\xa1\xb6\x84\x00\x00\x01\x00\x02\x00\x00\x00\x00\x081channel\x03com\x00\x00\x01\x00\x01\xc0\x0c\x00\x01\x00\x01\x00\x00\x01\x90\x00\x04#\xf3\xeeW\xc0\x0c\x00\x01\x00\x01\x00\x00\x01\x90\x00\x04\xd0W!\x97'
INFO:root:2018-12-03 04:00:26 - Rec:Sending to Root Server...
INFO:root:2018-12-03 04:00:26 - Rec:Receive from Root Server...b'\xc8\x9c\x84\x00\x00\x01\x00\x02\x00\x00\x00\x00\x08pastebin\x03com\x00\x00\x01\x00\x01\xc0\x0c\x00\x01\x00\x01\x00\x00\x01\x90\x00\x04#\xf3\xeeW\xc0\x0c\x00\x01\x00\x01\x00\x00\x01\x90\x00\x04EA\r\xd8'
INFO:root:2018-12-03 04:00:27 - Rec:Sending to Root Server...
INFO:root:2018-12-03 04:00:27 - Rec:Receive from Root Server...b'\xfeU\x84\x00\x00\x01\x00\x02\x00\x00\x00\x00\x04what\x03com\x00\x00\x01\x00\x01\xc0\x0c\x00\x01\x00\x01\x00\x00\x01\x90\x00\x04#\xf3\xeeW\xc0\x0c\x00\x01\x00\x01\x00\x00\x01\x90\x00\x04C\x15\xe8\xdf'
INFO:root:2018-12-03 04:00:27 - Rec:Sending to Root Server...
INFO:root:2018-12-03 04:00:27 - Rec:Receive from Root Server...b'\xc3f\x84\x00\x00\x01\x00\x02\x00\x00\x00\x00\tuploading\x03com\x00\x00\x01\x00\x01\xc0\x0c\x00\x01\x00\x01\x00\x00\x01\x90\x00\x04#\xf3\xeeW\xc0\x0c\x00\x01\x00\x01\x00\x00\x01\x90\x00\x04\xc3\xbf\xcf('
INFO:root:2018-12-03 04:00:27 - Cache Hit; Cache Counter : 1
INFO:root:2018-12-03 04:00:30 - Rec:Sending to Root Server...
INFO:root:2018-12-03 04:00:30 - Rec:Receive from Root Server...b'f\xee\x84\x00\x00\x01\x00\x02\x00\x00\x00\x00\x06blogtv\x03com\x00\x00\x01\x00\x01\xc0\x0c\x00\x01\x00\x01\x00\x00\x01\x90\x00\x04#\xf3\xeeW\xc0\x0c\x00\x01\x00\x01\x00\x00\x01\x90\x00\x04T\x16\xaa\x95'
INFO:root:2018-12-03 04:00:30 - Rec:Sending to Root Server...
INFO:root:2018-12-03 04:00:30 - Rec:Receive from Root Server...b"\x8c\x8f\x84\x00\x00\x01\x00\x02\x00\x00\x00\x00\x04hush\x03com\x00\x00\x01\x00\x01\xc0\x0c\x00\x01\x00\x01\x00\x00\x01\x90\x00\x04#\xf3\xeeW\xc0\x0c\x00\x01\x00\x01\x00\x00\x01\x90\x00\x04A'\xb2+"
INFO:root:2018-12-03 04:00:30 - Rec:Sending to Root Server...
INFO:root:2018-12-03 04:00:30 - Rec:Receive from Root Server...b'\xb5\x9c\x84\x00\x00\x01\x00\x02\x00\x00\x00\x00\x06justin\x03com\x00\x00\x01\x00\x01\xc0\x0c\x00\x01\x00\x01\x00\x00\x01\x90\x00\x04#\xf3\xeeW\xc0\x0c\x00\x01\x00\x01\x00\x00\x01\x90\x00\x04\xc7\t\xf9\x15'
INFO:root:2018-12-03 04:00:31 - Rec:Sending to Root Server...
INFO:root:2018-12-03 04:00:31 - Rec:Receive from Root Server...b"\xda\xaf\x84\x00\x00\x01\x00\x02\x00\x00\x00\x00\x04frys\x03com\x00\x00\x01\x00\x01\xc0\x0c\x00\x01\x00\x01\x00\x00\x01\x90\x00\x04#\xf3\xeeW\xc0\x0c\x00\x01\x00\x01\x00\x00\x01\x90\x00\x04\xd1\x1f\x16'"
INFO:root:2018-12-03 04:00:35 - Rec:Sending to Root Server...
INFO:root:2018-12-03 04:00:35 - Rec:Receive from Root Server...b'\xb1\x8e\x84\x00\x00\x01\x00\x02\x00\x00\x00\x00\x06reddit\x03com\x00\x00\x01\x00\x01\xc0\x0c\x00\x01\x00\x01\x00\x00\x01\x90\x00\x04#\xf3\xeeW\xc0\x0c\x00\x01\x00\x01\x00\x00\x01\x90\x00\x04H\xf7\xf4X'
INFO:root:2018-12-03 04:00:35 - Rec:Sending to Root Server...
INFO:root:2018-12-03 04:00:35 - Rec:Receive from Root Server...b'n\x1a\x84\x00\x00\x01\x00\x02\x00\x00\x00\x00\x06omegle\x03com\x00\x00\x01\x00\x01\xc0\x0c\x00\x01\x00\x01\x00\x00\x01\x90\x00\x04#\xf3\xeeW\xc0\x0c\x00\x01\x00\x01\x00\x00\x01\x90\x00\x04ak\x84\x90'
INFO:root:2018-12-03 04:00:36 - Rec:Sending to Root Server...
INFO:root:2018-12-03 04:00:36 - Rec:Receive from Root Server...b'\xd9\xe7\x84\x00\x00\x01\x00\x02\x00\x00\x00\x00\ngorillavid\x03com\x00\x00\x01\x00\x01\xc0\x0c\x00\x01\x00\x01\x00\x00\x01\x90\x00\x04#\xf3\xeeW\xc0\x0c\x00\x01\x00\x01\x00\x00\x01\x90\x00\x04\xb2\x11\xa5J'
